<?xml version="1.0" encoding="UTF-8"?>
<!-- Generated by org.testng.reporters.JUnitXMLReporter -->
<testsuite ignored="0" hostname="Johns-MacBook-Pro.local" failures="0" tests="2" name="Command line test" time="11.708" errors="0" timestamp="2024-10-31T23:05:01 GMT">
  <testcase classname="EcommerceTests.HomePageTests" name="navigateToLoginPageFromHomePageTest" time="10.383"/>
  <testcase classname="EcommerceTests.HomePageTests" name="testHomePageNavigation" time="0.002"/>
</testsuite> <!-- Command line test -->
